-------------------------------------------------------------------------------
Test set: com.test.application.ProductRatingTest
-------------------------------------------------------------------------------
Tests run: 1, Failures: 1, Errors: 0, Skipped: 0, Time elapsed: 0.051 s <<< FAILURE! - in com.test.application.ProductRatingTest
testFindProductsWithRatingInRange(com.test.application.ProductRatingTest)  Time elapsed: 0.026 s  <<< FAILURE!
java.lang.AssertionError: Not yet implemented
	at com.test.application.ProductRatingTest.testFindProductsWithRatingInRange(ProductRatingTest.java:21)

