<?xml version="1.0" encoding="UTF-8"?>
<testsuite xmlns:xsi="http://www.w3.org/2001/XMLSchema-instance" xsi:noNamespaceSchemaLocation="https://maven.apache.org/surefire/maven-surefire-plugin/xsd/surefire-test-report.xsd" name="com.test.application.ProductRatingTest" time="0.051" tests="1" errors="0" skipped="0" failures="1">
  <properties>
[...]
</properties>
  <testcase name="testFindProductsWithRatingInRange" classname="com.test.application.ProductRatingTest" time="0.026">
    <failure message="Not yet implemented" type="java.lang.AssertionError">java.lang.AssertionError: Not yet implemented
	at com.test.application.ProductRatingTest.testFindProductsWithRatingInRange(ProductRatingTest.java:21)
</failure>
    <system-out><![CDATA[2018-11-10 21:38:23.399 DEBUG 37548 --- [           main] o.s.t.c.junit4.SpringJUnit4ClassRunner   : SpringJUnit4ClassRunner constructor called with [class com.test.application.ProductRatingTest]
2018-11-10 21:38:23.399 DEBUG 37548 --- [           main] o.s.test.context.BootstrapUtils          : Instantiating CacheAwareContextLoaderDelegate from class [org.springframework.test.context.cache.DefaultCacheAwareContextLoaderDelegate]
2018-11-10 21:38:23.400 DEBUG 37548 --- [           main] o.s.test.context.BootstrapUtils          : Instantiating BootstrapContext using constructor [public org.springframework.test.context.support.DefaultBootstrapContext(java.lang.Class,org.springframework.test.context.CacheAwareContextLoaderDelegate)]
2018-11-10 21:38:23.402 DEBUG 37548 --- [           main] o.s.test.context.BootstrapUtils          : Instantiating TestContextBootstrapper for test class [com.test.application.ProductRatingTest] from class [org.springframework.boot.test.context.SpringBootTestContextBootstrapper]
2018-11-10 21:38:23.403  INFO 37548 --- [           main] .b.t.c.SpringBootTestContextBootstrapper : Neither @ContextConfiguration nor @ContextHierarchy found for test class [com.test.application.ProductRatingTest], using SpringBootContextLoader
2018-11-10 21:38:23.406 DEBUG 37548 --- [           main] o.s.t.c.support.AbstractContextLoader    : Did not detect default resource location for test class [com.test.application.ProductRatingTest]: class path resource [com/test/application/ProductRatingTest-context.xml] does not exist
2018-11-10 21:38:23.407 DEBUG 37548 --- [           main] o.s.t.c.support.AbstractContextLoader    : Did not detect default resource location for test class [com.test.application.ProductRatingTest]: class path resource [com/test/application/ProductRatingTestContext.groovy] does not exist
2018-11-10 21:38:23.408  INFO 37548 --- [           main] o.s.t.c.support.AbstractContextLoader    : Could not detect default resource locations for test class [com.test.application.ProductRatingTest]: no resource found for suffixes {-context.xml, Context.groovy}.
2018-11-10 21:38:23.408  INFO 37548 --- [           main] t.c.s.AnnotationConfigContextLoaderUtils : Could not detect default configuration classes for test class [com.test.application.ProductRatingTest]: ProductRatingTest does not declare any static, non-private, non-final, nested classes annotated with @Configuration.
2018-11-10 21:38:23.416 DEBUG 37548 --- [           main] o.s.t.c.support.ActiveProfilesUtils      : Could not find an 'annotation declaring class' for annotation type [org.springframework.test.context.ActiveProfiles] and class [com.test.application.ProductRatingTest]
2018-11-10 21:38:23.417  INFO 37548 --- [           main] .b.t.c.SpringBootTestContextBootstrapper : Found @SpringBootConfiguration com.test.application.CustomerReviewMainApplication for test class com.test.application.ProductRatingTest
2018-11-10 21:38:23.420 DEBUG 37548 --- [           main] .b.t.c.SpringBootTestContextBootstrapper : @TestExecutionListeners is not present for class [com.test.application.ProductRatingTest]: using defaults.
2018-11-10 21:38:23.420  INFO 37548 --- [           main] .b.t.c.SpringBootTestContextBootstrapper : Loaded default TestExecutionListener class names from location [META-INF/spring.factories]: [org.springframework.boot.test.mock.mockito.MockitoTestExecutionListener, org.springframework.boot.test.mock.mockito.ResetMocksTestExecutionListener, org.springframework.boot.test.autoconfigure.restdocs.RestDocsTestExecutionListener, org.springframework.boot.test.autoconfigure.web.client.MockRestServiceServerResetTestExecutionListener, org.springframework.boot.test.autoconfigure.web.servlet.MockMvcPrintOnlyOnFailureTestExecutionListener, org.springframework.boot.test.autoconfigure.web.servlet.WebDriverTestExecutionListener, org.springframework.test.context.web.ServletTestExecutionListener, org.springframework.test.context.support.DirtiesContextBeforeModesTestExecutionListener, org.springframework.test.context.support.DependencyInjectionTestExecutionListener, org.springframework.test.context.support.DirtiesContextTestExecutionListener, org.springframework.test.context.transaction.TransactionalTestExecutionListener, org.springframework.test.context.jdbc.SqlScriptsTestExecutionListener]
2018-11-10 21:38:23.421  INFO 37548 --- [           main] .b.t.c.SpringBootTestContextBootstrapper : Using TestExecutionListeners: [org.springframework.test.context.web.ServletTestExecutionListener@6068ebb2, org.springframework.test.context.support.DirtiesContextBeforeModesTestExecutionListener@5a466dd, org.springframework.boot.test.mock.mockito.MockitoTestExecutionListener@1ed9d173, org.springframework.boot.test.autoconfigure.SpringBootDependencyInjectionTestExecutionListener@6e981e78, org.springframework.test.context.support.DirtiesContextTestExecutionListener@498a4d62, org.springframework.test.context.transaction.TransactionalTestExecutionListener@6fbe4800, org.springframework.test.context.jdbc.SqlScriptsTestExecutionListener@3f3c5ecd, org.springframework.boot.test.mock.mockito.ResetMocksTestExecutionListener@1179fc8c, org.springframework.boot.test.autoconfigure.restdocs.RestDocsTestExecutionListener@a03529c, org.springframework.boot.test.autoconfigure.web.client.MockRestServiceServerResetTestExecutionListener@1760e594, org.springframework.boot.test.autoconfigure.web.servlet.MockMvcPrintOnlyOnFailureTestExecutionListener@4af70b83, org.springframework.boot.test.autoconfigure.web.servlet.WebDriverTestExecutionListener@143413cd]
2018-11-10 21:38:23.421 DEBUG 37548 --- [           main] o.s.test.annotation.ProfileValueUtils    : Retrieved @ProfileValueSourceConfiguration [null] for test class [com.test.application.ProductRatingTest]
2018-11-10 21:38:23.422 DEBUG 37548 --- [           main] o.s.test.annotation.ProfileValueUtils    : Retrieved ProfileValueSource type [class org.springframework.test.annotation.SystemProfileValueSource] for class [com.test.application.ProductRatingTest]
2018-11-10 21:38:23.422 DEBUG 37548 --- [           main] o.s.test.annotation.ProfileValueUtils    : Retrieved @ProfileValueSourceConfiguration [null] for test class [com.test.application.ProductRatingTest]
2018-11-10 21:38:23.422 DEBUG 37548 --- [           main] o.s.test.annotation.ProfileValueUtils    : Retrieved ProfileValueSource type [class org.springframework.test.annotation.SystemProfileValueSource] for class [com.test.application.ProductRatingTest]
2018-11-10 21:38:23.423 DEBUG 37548 --- [           main] o.s.test.annotation.ProfileValueUtils    : Retrieved @ProfileValueSourceConfiguration [null] for test class [com.test.application.ProductRatingTest]
2018-11-10 21:38:23.423 DEBUG 37548 --- [           main] o.s.test.annotation.ProfileValueUtils    : Retrieved ProfileValueSource type [class org.springframework.test.annotation.SystemProfileValueSource] for class [com.test.application.ProductRatingTest]
2018-11-10 21:38:23.424 DEBUG 37548 --- [           main] tractDirtiesContextTestExecutionListener : Before test class: context [DefaultTestContext@4b32465 testClass = ProductRatingTest, testInstance = [null], testMethod = [null], testException = [null], mergedContextConfiguration = [WebMergedContextConfiguration@146f3d22 testClass = ProductRatingTest, locations = '{}', classes = '{class com.test.application.CustomerReviewMainApplication}', contextInitializerClasses = '[]', activeProfiles = '{}', propertySourceLocations = '{}', propertySourceProperties = '{org.springframework.boot.test.context.SpringBootTestContextBootstrapper=true}', contextCustomizers = set[org.springframework.boot.test.context.filter.ExcludeFilterContextCustomizer@1188e820, org.springframework.boot.test.json.DuplicateJsonObjectContextCustomizerFactory$DuplicateJsonObjectContextCustomizer@40f08448, org.springframework.boot.test.mock.mockito.MockitoContextCustomizer@0, org.springframework.boot.test.web.client.TestRestTemplateContextCustomizer@365c30cc, org.springframework.boot.test.autoconfigure.properties.PropertyMappingContextCustomizer@0, org.springframework.boot.test.autoconfigure.web.servlet.WebDriverContextCustomizerFactory$Customizer@1445d7f], resourceBasePath = 'src/main/webapp', contextLoader = 'org.springframework.boot.test.context.SpringBootContextLoader', parent = [null]], attributes = map['org.springframework.test.context.web.ServletTestExecutionListener.activateListener' -> true]], class annotated with @DirtiesContext [false] with mode [null].
2018-11-10 21:38:23.425 DEBUG 37548 --- [           main] o.s.test.annotation.ProfileValueUtils    : Retrieved @ProfileValueSourceConfiguration [null] for test class [com.test.application.ProductRatingTest]
2018-11-10 21:38:23.425 DEBUG 37548 --- [           main] o.s.test.annotation.ProfileValueUtils    : Retrieved ProfileValueSource type [class org.springframework.test.annotation.SystemProfileValueSource] for class [com.test.application.ProductRatingTest]
2018-11-10 21:38:23.425 DEBUG 37548 --- [           main] c.DefaultCacheAwareContextLoaderDelegate : Retrieved ApplicationContext from cache with key [[WebMergedContextConfiguration@146f3d22 testClass = ProductRatingTest, locations = '{}', classes = '{class com.test.application.CustomerReviewMainApplication}', contextInitializerClasses = '[]', activeProfiles = '{}', propertySourceLocations = '{}', propertySourceProperties = '{org.springframework.boot.test.context.SpringBootTestContextBootstrapper=true}', contextCustomizers = set[org.springframework.boot.test.context.filter.ExcludeFilterContextCustomizer@1188e820, org.springframework.boot.test.json.DuplicateJsonObjectContextCustomizerFactory$DuplicateJsonObjectContextCustomizer@40f08448, org.springframework.boot.test.mock.mockito.MockitoContextCustomizer@0, org.springframework.boot.test.web.client.TestRestTemplateContextCustomizer@365c30cc, org.springframework.boot.test.autoconfigure.properties.PropertyMappingContextCustomizer@0, org.springframework.boot.test.autoconfigure.web.servlet.WebDriverContextCustomizerFactory$Customizer@1445d7f], resourceBasePath = 'src/main/webapp', contextLoader = 'org.springframework.boot.test.context.SpringBootContextLoader', parent = [null]]]
2018-11-10 21:38:23.425 DEBUG 37548 --- [           main] org.springframework.test.context.cache   : Spring test ApplicationContext cache statistics: [DefaultContextCache@2e7bb00e size = 1, maxSize = 32, parentContextCount = 0, hitCount = 26, missCount = 1]
2018-11-10 21:38:23.426 DEBUG 37548 --- [           main] o.s.t.c.w.ServletTestExecutionListener   : Setting up MockHttpServletRequest, MockHttpServletResponse, ServletWebRequest, and RequestContextHolder for test context [DefaultTestContext@4b32465 testClass = ProductRatingTest, testInstance = com.test.application.ProductRatingTest@66b6873f, testMethod = [null], testException = [null], mergedContextConfiguration = [WebMergedContextConfiguration@146f3d22 testClass = ProductRatingTest, locations = '{}', classes = '{class com.test.application.CustomerReviewMainApplication}', contextInitializerClasses = '[]', activeProfiles = '{}', propertySourceLocations = '{}', propertySourceProperties = '{org.springframework.boot.test.context.SpringBootTestContextBootstrapper=true}', contextCustomizers = set[org.springframework.boot.test.context.filter.ExcludeFilterContextCustomizer@1188e820, org.springframework.boot.test.json.DuplicateJsonObjectContextCustomizerFactory$DuplicateJsonObjectContextCustomizer@40f08448, org.springframework.boot.test.mock.mockito.MockitoContextCustomizer@0, org.springframework.boot.test.web.client.TestRestTemplateContextCustomizer@365c30cc, org.springframework.boot.test.autoconfigure.properties.PropertyMappingContextCustomizer@0, org.springframework.boot.test.autoconfigure.web.servlet.WebDriverContextCustomizerFactory$Customizer@1445d7f], resourceBasePath = 'src/main/webapp', contextLoader = 'org.springframework.boot.test.context.SpringBootContextLoader', parent = [null]], attributes = map['org.springframework.test.context.web.ServletTestExecutionListener.activateListener' -> true]].
2018-11-10 21:38:23.426 DEBUG 37548 --- [           main] DependencyInjectionTestExecutionListener : Performing dependency injection for test context [[DefaultTestContext@4b32465 testClass = ProductRatingTest, testInstance = com.test.application.ProductRatingTest@66b6873f, testMethod = [null], testException = [null], mergedContextConfiguration = [WebMergedContextConfiguration@146f3d22 testClass = ProductRatingTest, locations = '{}', classes = '{class com.test.application.CustomerReviewMainApplication}', contextInitializerClasses = '[]', activeProfiles = '{}', propertySourceLocations = '{}', propertySourceProperties = '{org.springframework.boot.test.context.SpringBootTestContextBootstrapper=true}', contextCustomizers = set[org.springframework.boot.test.context.filter.ExcludeFilterContextCustomizer@1188e820, org.springframework.boot.test.json.DuplicateJsonObjectContextCustomizerFactory$DuplicateJsonObjectContextCustomizer@40f08448, org.springframework.boot.test.mock.mockito.MockitoContextCustomizer@0, org.springframework.boot.test.web.client.TestRestTemplateContextCustomizer@365c30cc, org.springframework.boot.test.autoconfigure.properties.PropertyMappingContextCustomizer@0, org.springframework.boot.test.autoconfigure.web.servlet.WebDriverContextCustomizerFactory$Customizer@1445d7f], resourceBasePath = 'src/main/webapp', contextLoader = 'org.springframework.boot.test.context.SpringBootContextLoader', parent = [null]], attributes = map['org.springframework.test.context.web.ServletTestExecutionListener.activateListener' -> true, 'org.springframework.test.context.web.ServletTestExecutionListener.populatedRequestContextHolder' -> true, 'org.springframework.test.context.web.ServletTestExecutionListener.resetRequestContextHolder' -> true]]].
2018-11-10 21:38:23.426 DEBUG 37548 --- [           main] c.DefaultCacheAwareContextLoaderDelegate : Retrieved ApplicationContext from cache with key [[WebMergedContextConfiguration@146f3d22 testClass = ProductRatingTest, locations = '{}', classes = '{class com.test.application.CustomerReviewMainApplication}', contextInitializerClasses = '[]', activeProfiles = '{}', propertySourceLocations = '{}', propertySourceProperties = '{org.springframework.boot.test.context.SpringBootTestContextBootstrapper=true}', contextCustomizers = set[org.springframework.boot.test.context.filter.ExcludeFilterContextCustomizer@1188e820, org.springframework.boot.test.json.DuplicateJsonObjectContextCustomizerFactory$DuplicateJsonObjectContextCustomizer@40f08448, org.springframework.boot.test.mock.mockito.MockitoContextCustomizer@0, org.springframework.boot.test.web.client.TestRestTemplateContextCustomizer@365c30cc, org.springframework.boot.test.autoconfigure.properties.PropertyMappingContextCustomizer@0, org.springframework.boot.test.autoconfigure.web.servlet.WebDriverContextCustomizerFactory$Customizer@1445d7f], resourceBasePath = 'src/main/webapp', contextLoader = 'org.springframework.boot.test.context.SpringBootContextLoader', parent = [null]]]
2018-11-10 21:38:23.427 DEBUG 37548 --- [           main] org.springframework.test.context.cache   : Spring test ApplicationContext cache statistics: [DefaultContextCache@2e7bb00e size = 1, maxSize = 32, parentContextCount = 0, hitCount = 27, missCount = 1]
2018-11-10 21:38:23.438 DEBUG 37548 --- [           main] tractDirtiesContextTestExecutionListener : Before test method: context [DefaultTestContext@4b32465 testClass = ProductRatingTest, testInstance = com.test.application.ProductRatingTest@66b6873f, testMethod = testFindProductsWithRatingInRange@ProductRatingTest, testException = [null], mergedContextConfiguration = [WebMergedContextConfiguration@146f3d22 testClass = ProductRatingTest, locations = '{}', classes = '{class com.test.application.CustomerReviewMainApplication}', contextInitializerClasses = '[]', activeProfiles = '{}', propertySourceLocations = '{}', propertySourceProperties = '{org.springframework.boot.test.context.SpringBootTestContextBootstrapper=true}', contextCustomizers = set[org.springframework.boot.test.context.filter.ExcludeFilterContextCustomizer@1188e820, org.springframework.boot.test.json.DuplicateJsonObjectContextCustomizerFactory$DuplicateJsonObjectContextCustomizer@40f08448, org.springframework.boot.test.mock.mockito.MockitoContextCustomizer@0, org.springframework.boot.test.web.client.TestRestTemplateContextCustomizer@365c30cc, org.springframework.boot.test.autoconfigure.properties.PropertyMappingContextCustomizer@0, org.springframework.boot.test.autoconfigure.web.servlet.WebDriverContextCustomizerFactory$Customizer@1445d7f], resourceBasePath = 'src/main/webapp', contextLoader = 'org.springframework.boot.test.context.SpringBootContextLoader', parent = [null]], attributes = map['org.springframework.test.context.web.ServletTestExecutionListener.activateListener' -> true, 'org.springframework.test.context.web.ServletTestExecutionListener.populatedRequestContextHolder' -> true, 'org.springframework.test.context.web.ServletTestExecutionListener.resetRequestContextHolder' -> true]], class annotated with @DirtiesContext [false] with mode [null], method annotated with @DirtiesContext [false] with mode [null].
2018-11-10 21:38:23.446 DEBUG 37548 --- [           main] c.DefaultCacheAwareContextLoaderDelegate : Retrieved ApplicationContext from cache with key [[WebMergedContextConfiguration@146f3d22 testClass = ProductRatingTest, locations = '{}', classes = '{class com.test.application.CustomerReviewMainApplication}', contextInitializerClasses = '[]', activeProfiles = '{}', propertySourceLocations = '{}', propertySourceProperties = '{org.springframework.boot.test.context.SpringBootTestContextBootstrapper=true}', contextCustomizers = set[org.springframework.boot.test.context.filter.ExcludeFilterContextCustomizer@1188e820, org.springframework.boot.test.json.DuplicateJsonObjectContextCustomizerFactory$DuplicateJsonObjectContextCustomizer@40f08448, org.springframework.boot.test.mock.mockito.MockitoContextCustomizer@0, org.springframework.boot.test.web.client.TestRestTemplateContextCustomizer@365c30cc, org.springframework.boot.test.autoconfigure.properties.PropertyMappingContextCustomizer@0, org.springframework.boot.test.autoconfigure.web.servlet.WebDriverContextCustomizerFactory$Customizer@1445d7f], resourceBasePath = 'src/main/webapp', contextLoader = 'org.springframework.boot.test.context.SpringBootContextLoader', parent = [null]]]
2018-11-10 21:38:23.446 DEBUG 37548 --- [           main] org.springframework.test.context.cache   : Spring test ApplicationContext cache statistics: [DefaultContextCache@2e7bb00e size = 1, maxSize = 32, parentContextCount = 0, hitCount = 28, missCount = 1]
2018-11-10 21:38:23.449 DEBUG 37548 --- [           main] c.DefaultCacheAwareContextLoaderDelegate : Retrieved ApplicationContext from cache with key [[WebMergedContextConfiguration@146f3d22 testClass = ProductRatingTest, locations = '{}', classes = '{class com.test.application.CustomerReviewMainApplication}', contextInitializerClasses = '[]', activeProfiles = '{}', propertySourceLocations = '{}', propertySourceProperties = '{org.springframework.boot.test.context.SpringBootTestContextBootstrapper=true}', contextCustomizers = set[org.springframework.boot.test.context.filter.ExcludeFilterContextCustomizer@1188e820, org.springframework.boot.test.json.DuplicateJsonObjectContextCustomizerFactory$DuplicateJsonObjectContextCustomizer@40f08448, org.springframework.boot.test.mock.mockito.MockitoContextCustomizer@0, org.springframework.boot.test.web.client.TestRestTemplateContextCustomizer@365c30cc, org.springframework.boot.test.autoconfigure.properties.PropertyMappingContextCustomizer@0, org.springframework.boot.test.autoconfigure.web.servlet.WebDriverContextCustomizerFactory$Customizer@1445d7f], resourceBasePath = 'src/main/webapp', contextLoader = 'org.springframework.boot.test.context.SpringBootContextLoader', parent = [null]]]
2018-11-10 21:38:23.450 DEBUG 37548 --- [           main] org.springframework.test.context.cache   : Spring test ApplicationContext cache statistics: [DefaultContextCache@2e7bb00e size = 1, maxSize = 32, parentContextCount = 0, hitCount = 29, missCount = 1]
2018-11-10 21:38:23.450 DEBUG 37548 --- [           main] c.DefaultCacheAwareContextLoaderDelegate : Retrieved ApplicationContext from cache with key [[WebMergedContextConfiguration@146f3d22 testClass = ProductRatingTest, locations = '{}', classes = '{class com.test.application.CustomerReviewMainApplication}', contextInitializerClasses = '[]', activeProfiles = '{}', propertySourceLocations = '{}', propertySourceProperties = '{org.springframework.boot.test.context.SpringBootTestContextBootstrapper=true}', contextCustomizers = set[org.springframework.boot.test.context.filter.ExcludeFilterContextCustomizer@1188e820, org.springframework.boot.test.json.DuplicateJsonObjectContextCustomizerFactory$DuplicateJsonObjectContextCustomizer@40f08448, org.springframework.boot.test.mock.mockito.MockitoContextCustomizer@0, org.springframework.boot.test.web.client.TestRestTemplateContextCustomizer@365c30cc, org.springframework.boot.test.autoconfigure.properties.PropertyMappingContextCustomizer@0, org.springframework.boot.test.autoconfigure.web.servlet.WebDriverContextCustomizerFactory$Customizer@1445d7f], resourceBasePath = 'src/main/webapp', contextLoader = 'org.springframework.boot.test.context.SpringBootContextLoader', parent = [null]]]
2018-11-10 21:38:23.450 DEBUG 37548 --- [           main] org.springframework.test.context.cache   : Spring test ApplicationContext cache statistics: [DefaultContextCache@2e7bb00e size = 1, maxSize = 32, parentContextCount = 0, hitCount = 30, missCount = 1]
2018-11-10 21:38:23.450 DEBUG 37548 --- [           main] c.DefaultCacheAwareContextLoaderDelegate : Retrieved ApplicationContext from cache with key [[WebMergedContextConfiguration@146f3d22 testClass = ProductRatingTest, locations = '{}', classes = '{class com.test.application.CustomerReviewMainApplication}', contextInitializerClasses = '[]', activeProfiles = '{}', propertySourceLocations = '{}', propertySourceProperties = '{org.springframework.boot.test.context.SpringBootTestContextBootstrapper=true}', contextCustomizers = set[org.springframework.boot.test.context.filter.ExcludeFilterContextCustomizer@1188e820, org.springframework.boot.test.json.DuplicateJsonObjectContextCustomizerFactory$DuplicateJsonObjectContextCustomizer@40f08448, org.springframework.boot.test.mock.mockito.MockitoContextCustomizer@0, org.springframework.boot.test.web.client.TestRestTemplateContextCustomizer@365c30cc, org.springframework.boot.test.autoconfigure.properties.PropertyMappingContextCustomizer@0, org.springframework.boot.test.autoconfigure.web.servlet.WebDriverContextCustomizerFactory$Customizer@1445d7f], resourceBasePath = 'src/main/webapp', contextLoader = 'org.springframework.boot.test.context.SpringBootContextLoader', parent = [null]]]
2018-11-10 21:38:23.450 DEBUG 37548 --- [           main] org.springframework.test.context.cache   : Spring test ApplicationContext cache statistics: [DefaultContextCache@2e7bb00e size = 1, maxSize = 32, parentContextCount = 0, hitCount = 31, missCount = 1]
2018-11-10 21:38:23.452 DEBUG 37548 --- [           main] c.DefaultCacheAwareContextLoaderDelegate : Retrieved ApplicationContext from cache with key [[WebMergedContextConfiguration@146f3d22 testClass = ProductRatingTest, locations = '{}', classes = '{class com.test.application.CustomerReviewMainApplication}', contextInitializerClasses = '[]', activeProfiles = '{}', propertySourceLocations = '{}', propertySourceProperties = '{org.springframework.boot.test.context.SpringBootTestContextBootstrapper=true}', contextCustomizers = set[org.springframework.boot.test.context.filter.ExcludeFilterContextCustomizer@1188e820, org.springframework.boot.test.json.DuplicateJsonObjectContextCustomizerFactory$DuplicateJsonObjectContextCustomizer@40f08448, org.springframework.boot.test.mock.mockito.MockitoContextCustomizer@0, org.springframework.boot.test.web.client.TestRestTemplateContextCustomizer@365c30cc, org.springframework.boot.test.autoconfigure.properties.PropertyMappingContextCustomizer@0, org.springframework.boot.test.autoconfigure.web.servlet.WebDriverContextCustomizerFactory$Customizer@1445d7f], resourceBasePath = 'src/main/webapp', contextLoader = 'org.springframework.boot.test.context.SpringBootContextLoader', parent = [null]]]
2018-11-10 21:38:23.453 DEBUG 37548 --- [           main] org.springframework.test.context.cache   : Spring test ApplicationContext cache statistics: [DefaultContextCache@2e7bb00e size = 1, maxSize = 32, parentContextCount = 0, hitCount = 32, missCount = 1]
2018-11-10 21:38:23.453 DEBUG 37548 --- [           main] tractDirtiesContextTestExecutionListener : After test method: context [DefaultTestContext@4b32465 testClass = ProductRatingTest, testInstance = com.test.application.ProductRatingTest@66b6873f, testMethod = testFindProductsWithRatingInRange@ProductRatingTest, testException = java.lang.AssertionError: Not yet implemented, mergedContextConfiguration = [WebMergedContextConfiguration@146f3d22 testClass = ProductRatingTest, locations = '{}', classes = '{class com.test.application.CustomerReviewMainApplication}', contextInitializerClasses = '[]', activeProfiles = '{}', propertySourceLocations = '{}', propertySourceProperties = '{org.springframework.boot.test.context.SpringBootTestContextBootstrapper=true}', contextCustomizers = set[org.springframework.boot.test.context.filter.ExcludeFilterContextCustomizer@1188e820, org.springframework.boot.test.json.DuplicateJsonObjectContextCustomizerFactory$DuplicateJsonObjectContextCustomizer@40f08448, org.springframework.boot.test.mock.mockito.MockitoContextCustomizer@0, org.springframework.boot.test.web.client.TestRestTemplateContextCustomizer@365c30cc, org.springframework.boot.test.autoconfigure.properties.PropertyMappingContextCustomizer@0, org.springframework.boot.test.autoconfigure.web.servlet.WebDriverContextCustomizerFactory$Customizer@1445d7f], resourceBasePath = 'src/main/webapp', contextLoader = 'org.springframework.boot.test.context.SpringBootContextLoader', parent = [null]], attributes = map['org.springframework.test.context.web.ServletTestExecutionListener.activateListener' -> true, 'org.springframework.test.context.web.ServletTestExecutionListener.populatedRequestContextHolder' -> true, 'org.springframework.test.context.web.ServletTestExecutionListener.resetRequestContextHolder' -> true]], class annotated with @DirtiesContext [false] with mode [null], method annotated with @DirtiesContext [false] with mode [null].
2018-11-10 21:38:23.454 DEBUG 37548 --- [           main] o.s.t.c.w.ServletTestExecutionListener   : Resetting RequestContextHolder for test context [DefaultTestContext@4b32465 testClass = ProductRatingTest, testInstance = com.test.application.ProductRatingTest@66b6873f, testMethod = testFindProductsWithRatingInRange@ProductRatingTest, testException = java.lang.AssertionError: Not yet implemented, mergedContextConfiguration = [WebMergedContextConfiguration@146f3d22 testClass = ProductRatingTest, locations = '{}', classes = '{class com.test.application.CustomerReviewMainApplication}', contextInitializerClasses = '[]', activeProfiles = '{}', propertySourceLocations = '{}', propertySourceProperties = '{org.springframework.boot.test.context.SpringBootTestContextBootstrapper=true}', contextCustomizers = set[org.springframework.boot.test.context.filter.ExcludeFilterContextCustomizer@1188e820, org.springframework.boot.test.json.DuplicateJsonObjectContextCustomizerFactory$DuplicateJsonObjectContextCustomizer@40f08448, org.springframework.boot.test.mock.mockito.MockitoContextCustomizer@0, org.springframework.boot.test.web.client.TestRestTemplateContextCustomizer@365c30cc, org.springframework.boot.test.autoconfigure.properties.PropertyMappingContextCustomizer@0, org.springframework.boot.test.autoconfigure.web.servlet.WebDriverContextCustomizerFactory$Customizer@1445d7f], resourceBasePath = 'src/main/webapp', contextLoader = 'org.springframework.boot.test.context.SpringBootContextLoader', parent = [null]], attributes = map['org.springframework.test.context.web.ServletTestExecutionListener.activateListener' -> true, 'org.springframework.test.context.web.ServletTestExecutionListener.populatedRequestContextHolder' -> true, 'org.springframework.test.context.web.ServletTestExecutionListener.resetRequestContextHolder' -> true]].
]]></system-out>
  </testcase>
</testsuite>