-------------------------------------------------------------------------------
Test set: com.kurup.loyalitypoints.LoyalityAppApplicationTests
-------------------------------------------------------------------------------
Tests run: 1, Failures: 0, Errors: 1, Skipped: 0, Time elapsed: 0.668 s <<< FAILURE! - in com.kurup.loyalitypoints.LoyalityAppApplicationTests
initializationError(com.kurup.loyalitypoints.LoyalityAppApplicationTests)  Time elapsed: 0.008 s  <<< ERROR!
java.lang.IllegalStateException: Unable to find a @SpringBootConfiguration, you need to use @ContextConfiguration or @SpringBootTest(classes=...) with your test

